C:\USERS\MATTIA\DESKTOP\AUDIO PLUGIN DEVELOPEMENT\ESEMPI\COMPZOCCHIOGUI 2.00\COMPZOCCHIOGUI\RELEASE\CZEDITOR.OBJ
C:\USERS\MATTIA\DESKTOP\AUDIO PLUGIN DEVELOPEMENT\ESEMPI\COMPZOCCHIOGUI 2.00\COMPZOCCHIOGUI\RELEASE\COMPZOCCHIOGUI.OBJ
C:\USERS\MATTIA\DESKTOP\AUDIO PLUGIN DEVELOPEMENT\ESEMPI\COMPZOCCHIOGUI 2.00\COMPZOCCHIOGUI\RELEASE\COMPZOCCHIO.OBJ
C:\USERS\MATTIA\DESKTOP\AUDIO PLUGIN DEVELOPEMENT\ESEMPI\COMPZOCCHIOGUI 2.00\COMPZOCCHIOGUI\RELEASE\VSTGUI.OBJ
C:\USERS\MATTIA\DESKTOP\AUDIO PLUGIN DEVELOPEMENT\ESEMPI\COMPZOCCHIOGUI 2.00\COMPZOCCHIOGUI\RELEASE\VSTCONTROLS.OBJ
C:\USERS\MATTIA\DESKTOP\AUDIO PLUGIN DEVELOPEMENT\ESEMPI\COMPZOCCHIOGUI 2.00\COMPZOCCHIOGUI\RELEASE\AEFFGUIEDITOR.OBJ
C:\USERS\MATTIA\DESKTOP\AUDIO PLUGIN DEVELOPEMENT\ESEMPI\COMPZOCCHIOGUI 2.00\COMPZOCCHIOGUI\RELEASE\VSTPLUGMAIN.OBJ
C:\USERS\MATTIA\DESKTOP\AUDIO PLUGIN DEVELOPEMENT\ESEMPI\COMPZOCCHIOGUI 2.00\COMPZOCCHIOGUI\RELEASE\AUDIOEFFECTX.OBJ
C:\USERS\MATTIA\DESKTOP\AUDIO PLUGIN DEVELOPEMENT\ESEMPI\COMPZOCCHIOGUI 2.00\COMPZOCCHIOGUI\RELEASE\AUDIOEFFECT.OBJ
C:\USERS\MATTIA\DESKTOP\AUDIO PLUGIN DEVELOPEMENT\ESEMPI\COMPZOCCHIOGUI 2.00\COMPZOCCHIOGUI\RELEASE\VC110.PDB
C:\USERS\MATTIA\DESKTOP\AUDIO PLUGIN DEVELOPEMENT\ESEMPI\COMPZOCCHIOGUI 2.10\COMPZOCCHIOGUI\RELEASE\CZEDITOR.OBJ
C:\USERS\MATTIA\DESKTOP\AUDIO PLUGIN DEVELOPEMENT\ESEMPI\COMPZOCCHIOGUI 2.10\COMPZOCCHIOGUI\RELEASE\COMPZOCCHIOGUI.OBJ
C:\USERS\MATTIA\DESKTOP\AUDIO PLUGIN DEVELOPEMENT\ESEMPI\COMPZOCCHIOGUI 2.10\COMPZOCCHIOGUI\RELEASE\COMPZOCCHIO.OBJ
C:\USERS\MATTIA\DESKTOP\AUDIO PLUGIN DEVELOPEMENT\ESEMPI\COMPZOCCHIOGUI 2.10\COMPZOCCHIOGUI\RELEASE\VSTGUI.OBJ
C:\USERS\MATTIA\DESKTOP\AUDIO PLUGIN DEVELOPEMENT\ESEMPI\COMPZOCCHIOGUI 2.10\COMPZOCCHIOGUI\RELEASE\VSTCONTROLS.OBJ
C:\USERS\MATTIA\DESKTOP\AUDIO PLUGIN DEVELOPEMENT\ESEMPI\COMPZOCCHIOGUI 2.10\COMPZOCCHIOGUI\RELEASE\AEFFGUIEDITOR.OBJ
C:\USERS\MATTIA\DESKTOP\AUDIO PLUGIN DEVELOPEMENT\ESEMPI\COMPZOCCHIOGUI 2.10\COMPZOCCHIOGUI\RELEASE\VSTPLUGMAIN.OBJ
C:\USERS\MATTIA\DESKTOP\AUDIO PLUGIN DEVELOPEMENT\ESEMPI\COMPZOCCHIOGUI 2.10\COMPZOCCHIOGUI\RELEASE\AUDIOEFFECTX.OBJ
C:\USERS\MATTIA\DESKTOP\AUDIO PLUGIN DEVELOPEMENT\ESEMPI\COMPZOCCHIOGUI 2.10\COMPZOCCHIOGUI\RELEASE\AUDIOEFFECT.OBJ
C:\USERS\MATTIA\DESKTOP\AUDIO PLUGIN DEVELOPEMENT\ESEMPI\COMPZOCCHIOGUI 2.10\COMPZOCCHIOGUI\RELEASE\VC110.PDB
C:\Users\Mattia\Desktop\Audio plugin developement\esempi\CompzocchioGui 2.00\CompzocchioGui\Release\CompzocchioGui.lib
C:\Users\Mattia\Desktop\Audio plugin developement\esempi\CompzocchioGui 2.00\CompzocchioGui\Release\CompzocchioGui.exp
C:\Users\Mattia\Desktop\Audio plugin developement\esempi\CompzocchioGui 2.10\CompzocchioGui\Release\CompzocchioGui.lib
C:\Users\Mattia\Desktop\Audio plugin developement\esempi\CompzocchioGui 2.10\CompzocchioGui\Release\CompzocchioGui.exp
C:\USERS\MATTIA\DESKTOP\AUDIO PLUGIN DEVELOPEMENT\ESEMPI\COMPZOCCHIOGUI 2.00\COMPZOCCHIOGUI\RELEASE\COMPZOCCHIOGUI.DLL
C:\USERS\MATTIA\DESKTOP\AUDIO PLUGIN DEVELOPEMENT\ESEMPI\COMPZOCCHIOGUI 2.10\COMPZOCCHIOGUI\RELEASE\COMPZOCCHIOGUI.DLL
C:\USERS\MATTIA\DESKTOP\AUDIO PLUGIN DEVELOPEMENT\ESEMPI\COMPZOCCHIOGUI 2.00\COMPZOCCHIOGUI\RELEASE\COMPZOCCHIOGUI.RES
C:\USERS\MATTIA\DESKTOP\AUDIO PLUGIN DEVELOPEMENT\ESEMPI\COMPZOCCHIOGUI 2.10\COMPZOCCHIOGUI\RELEASE\COMPZOCCHIOGUI.RES
C:\Users\Mattia\Desktop\Audio plugin developement\esempi\CompzocchioGui 2.10\CompzocchioGui\Release\aeffguieditor.obj
C:\Users\Mattia\Desktop\Audio plugin developement\esempi\CompzocchioGui 2.10\CompzocchioGui\Release\audioeffect.obj
C:\Users\Mattia\Desktop\Audio plugin developement\esempi\CompzocchioGui 2.10\CompzocchioGui\Release\audioeffectx.obj
C:\Users\Mattia\Desktop\Audio plugin developement\esempi\CompzocchioGui 2.10\CompzocchioGui\Release\Compzocchio.obj
C:\Users\Mattia\Desktop\Audio plugin developement\esempi\CompzocchioGui 2.10\CompzocchioGui\Release\CompzocchioGui.obj
C:\Users\Mattia\Desktop\Audio plugin developement\esempi\CompzocchioGui 2.10\CompzocchioGui\Release\czeditor.obj
C:\Users\Mattia\Desktop\Audio plugin developement\esempi\CompzocchioGui 2.10\CompzocchioGui\Release\vstcontrols.obj
C:\Users\Mattia\Desktop\Audio plugin developement\esempi\CompzocchioGui 2.10\CompzocchioGui\Release\vstgui.obj
C:\Users\Mattia\Desktop\Audio plugin developement\esempi\CompzocchioGui 2.10\CompzocchioGui\Release\vstplugmain.obj
C:\Users\Mattia\Desktop\Audio plugin developement\esempi\CompzocchioGui 2.10\CompzocchioGui\Release\cl.command.1.tlog
C:\Users\Mattia\Desktop\Audio plugin developement\esempi\CompzocchioGui 2.10\CompzocchioGui\Release\CL.read.1.tlog
C:\Users\Mattia\Desktop\Audio plugin developement\esempi\CompzocchioGui 2.10\CompzocchioGui\Release\CL.write.1.tlog
C:\Users\Mattia\Desktop\Audio plugin developement\esempi\CompzocchioGui 2.10\CompzocchioGui\Release\CompzocchioGui.write.1.tlog
C:\Users\Mattia\Desktop\Audio plugin developement\esempi\CompzocchioGui 2.10\CompzocchioGui\Release\link-cvtres.read.1.tlog
C:\Users\Mattia\Desktop\Audio plugin developement\esempi\CompzocchioGui 2.10\CompzocchioGui\Release\link-cvtres.write.1.tlog
C:\Users\Mattia\Desktop\Audio plugin developement\esempi\CompzocchioGui 2.10\CompzocchioGui\Release\link.command.1.tlog
C:\Users\Mattia\Desktop\Audio plugin developement\esempi\CompzocchioGui 2.10\CompzocchioGui\Release\link.read.1.tlog
C:\Users\Mattia\Desktop\Audio plugin developement\esempi\CompzocchioGui 2.10\CompzocchioGui\Release\link.write.1.tlog
C:\Users\Mattia\Desktop\Audio plugin developement\esempi\CompzocchioGui 2.10\CompzocchioGui\Release\rc.command.1.tlog
C:\Users\Mattia\Desktop\Audio plugin developement\esempi\CompzocchioGui 2.10\CompzocchioGui\Release\rc.read.1.tlog
C:\Users\Mattia\Desktop\Audio plugin developement\esempi\CompzocchioGui 2.10\CompzocchioGui\Release\rc.write.1.tlog
C:\Users\Mattia\Desktop\Audio plugin developement\esempi\CompzocchioGui 2.10\CompzocchioGui\Release\CompzocchioGui.res
C:\Users\Mattia\Desktop\Audio plugin developement\esempi\CompzocchioGui 2.10\CompzocchioGui\Release\vc110.pdb
C:\Users\Mattia\Desktop\Audio plugin developement\esempi\CompzocchioGui 2.10\CompzocchioGui\Release\CompzocchioGui.dll
