Compilazione avviata 15/10/2013 09:05:33.
Progetto "C:\Users\Mattia\Desktop\Audio plugin developement\esempi\CompzocchioGui 2.10\libpng\projects\visualc71\libpng.vcxproj" sul nodo 2 (destinazioni: Rebuild).
ClCompile:
  C:\Program Files\Microsoft Visual Studio 11.0\VC\bin\CL.exe /c /I..\.. /I..\..\scripts /I..\..\..\zlib /Zi /nologo /W3 /WX- /O2 /Ob1 /Oy- /D WIN32 /D NDEBUG /D _CRT_SECURE_NO_WARNINGS /D _VC80_UPGRADE=0x0710 /GF /Gm- /EHsc /MT /GS /Gy /fp:precise /Zc:wchar_t /Zc:forScope /Yc"png.h" /Fp".\Win32_LIB_Release\libpng.pch" /Fo".\Win32_LIB_Release\\" /Fd".\Win32_LIB_Release\vc110.pdb" /Gd /TC /analyze- /errorReport:prompt ..\..\pngerror.c
  pngerror.c
  C:\Program Files\Microsoft Visual Studio 11.0\VC\bin\CL.exe /c /I..\.. /I..\..\scripts /I..\..\..\zlib /Zi /nologo /W3 /WX- /O2 /Ob1 /Oy- /D WIN32 /D NDEBUG /D _CRT_SECURE_NO_WARNINGS /D _VC80_UPGRADE=0x0710 /GF /Gm- /EHsc /MT /GS /Gy /fp:precise /Zc:wchar_t /Zc:forScope /Fo".\Win32_LIB_Release\\" /Fd".\Win32_LIB_Release\vc110.pdb" /Gd /TC /analyze- /errorReport:prompt ..\..\png.c
  png.c
  C:\Program Files\Microsoft Visual Studio 11.0\VC\bin\CL.exe /c /I..\.. /I..\..\scripts /I..\..\..\zlib /Zi /nologo /W3 /WX- /O2 /Ob1 /Oy- /D WIN32 /D NDEBUG /D _CRT_SECURE_NO_WARNINGS /D _VC80_UPGRADE=0x0710 /GF /Gm- /EHsc /MT /GS /Gy /fp:precise /Zc:wchar_t /Zc:forScope /Yu"png.h" /Fp".\Win32_LIB_Release\libpng.pch" /Fo".\Win32_LIB_Release\\" /Fd".\Win32_LIB_Release\vc110.pdb" /Gd /TC /analyze- /errorReport:prompt ..\..\pngget.c ..\..\pngmem.c ..\..\pngpread.c ..\..\pngread.c ..\..\pngrio.c ..\..\pngrtran.c ..\..\pngrutil.c ..\..\pngset.c ..\..\pngtrans.c ..\..\pngwio.c ..\..\pngwrite.c ..\..\pngwtran.c ..\..\pngwutil.c
  pngget.c
  pngmem.c
  pngpread.c
  pngread.c
  pngrio.c
  pngrtran.c
  pngrutil.c
  pngset.c
  pngtrans.c
  pngwio.c
  pngwrite.c
  pngwtran.c
  pngwutil.c
  Generazione del codice in corso...
Lib:
  C:\Program Files\Microsoft Visual Studio 11.0\VC\bin\Lib.exe /OUT:".\Win32_LIB_Release\libpng.lib" /NOLOGO .\Win32_LIB_Release\png.obj
  .\Win32_LIB_Release\pngerror.obj
  .\Win32_LIB_Release\pngget.obj
  .\Win32_LIB_Release\pngmem.obj
  .\Win32_LIB_Release\pngpread.obj
  .\Win32_LIB_Release\pngread.obj
  .\Win32_LIB_Release\pngrio.obj
  .\Win32_LIB_Release\pngrtran.obj
  .\Win32_LIB_Release\pngrutil.obj
  .\Win32_LIB_Release\pngset.obj
  .\Win32_LIB_Release\pngtrans.obj
  .\Win32_LIB_Release\pngwio.obj
  .\Win32_LIB_Release\pngwrite.obj
  .\Win32_LIB_Release\pngwtran.obj
  .\Win32_LIB_Release\pngwutil.obj
  libpng.vcxproj -> C:\Users\Mattia\Desktop\Audio plugin developement\esempi\CompzocchioGui 2.10\libpng\projects\visualc71\.\Win32_LIB_Release\libpng.lib
Compilazione progetto "C:\Users\Mattia\Desktop\Audio plugin developement\esempi\CompzocchioGui 2.10\libpng\projects\visualc71\libpng.vcxproj" (destinazioni: Rebuild) completata.

Compilazione completata.

Tempo trascorso 00:00:35.67
