C:\USERS\MATTIA\DESKTOP\AUDIO PLUGIN DEVELOPEMENT\ESEMPI\COMPZOCCHIOGUI 2.00\LIBPNG\PROJECTS\VISUALC71\WIN32_LIB_RELEASE\LIBPNG.PCH
C:\USERS\MATTIA\DESKTOP\AUDIO PLUGIN DEVELOPEMENT\ESEMPI\COMPZOCCHIOGUI 2.00\LIBPNG\PROJECTS\VISUALC71\WIN32_LIB_RELEASE\PNGERROR.OBJ
C:\USERS\MATTIA\DESKTOP\AUDIO PLUGIN DEVELOPEMENT\ESEMPI\COMPZOCCHIOGUI 2.00\LIBPNG\PROJECTS\VISUALC71\WIN32_LIB_RELEASE\VC110.PDB
C:\USERS\MATTIA\DESKTOP\AUDIO PLUGIN DEVELOPEMENT\ESEMPI\COMPZOCCHIOGUI 2.00\LIBPNG\PROJECTS\VISUALC71\WIN32_LIB_RELEASE\PNG.OBJ
C:\USERS\MATTIA\DESKTOP\AUDIO PLUGIN DEVELOPEMENT\ESEMPI\COMPZOCCHIOGUI 2.00\LIBPNG\PROJECTS\VISUALC71\WIN32_LIB_RELEASE\PNGWUTIL.OBJ
C:\USERS\MATTIA\DESKTOP\AUDIO PLUGIN DEVELOPEMENT\ESEMPI\COMPZOCCHIOGUI 2.00\LIBPNG\PROJECTS\VISUALC71\WIN32_LIB_RELEASE\PNGWTRAN.OBJ
C:\USERS\MATTIA\DESKTOP\AUDIO PLUGIN DEVELOPEMENT\ESEMPI\COMPZOCCHIOGUI 2.00\LIBPNG\PROJECTS\VISUALC71\WIN32_LIB_RELEASE\PNGWRITE.OBJ
C:\USERS\MATTIA\DESKTOP\AUDIO PLUGIN DEVELOPEMENT\ESEMPI\COMPZOCCHIOGUI 2.00\LIBPNG\PROJECTS\VISUALC71\WIN32_LIB_RELEASE\PNGWIO.OBJ
C:\USERS\MATTIA\DESKTOP\AUDIO PLUGIN DEVELOPEMENT\ESEMPI\COMPZOCCHIOGUI 2.00\LIBPNG\PROJECTS\VISUALC71\WIN32_LIB_RELEASE\PNGTRANS.OBJ
C:\USERS\MATTIA\DESKTOP\AUDIO PLUGIN DEVELOPEMENT\ESEMPI\COMPZOCCHIOGUI 2.00\LIBPNG\PROJECTS\VISUALC71\WIN32_LIB_RELEASE\PNGSET.OBJ
C:\USERS\MATTIA\DESKTOP\AUDIO PLUGIN DEVELOPEMENT\ESEMPI\COMPZOCCHIOGUI 2.00\LIBPNG\PROJECTS\VISUALC71\WIN32_LIB_RELEASE\PNGRUTIL.OBJ
C:\USERS\MATTIA\DESKTOP\AUDIO PLUGIN DEVELOPEMENT\ESEMPI\COMPZOCCHIOGUI 2.00\LIBPNG\PROJECTS\VISUALC71\WIN32_LIB_RELEASE\PNGRTRAN.OBJ
C:\USERS\MATTIA\DESKTOP\AUDIO PLUGIN DEVELOPEMENT\ESEMPI\COMPZOCCHIOGUI 2.00\LIBPNG\PROJECTS\VISUALC71\WIN32_LIB_RELEASE\PNGRIO.OBJ
C:\USERS\MATTIA\DESKTOP\AUDIO PLUGIN DEVELOPEMENT\ESEMPI\COMPZOCCHIOGUI 2.00\LIBPNG\PROJECTS\VISUALC71\WIN32_LIB_RELEASE\PNGREAD.OBJ
C:\USERS\MATTIA\DESKTOP\AUDIO PLUGIN DEVELOPEMENT\ESEMPI\COMPZOCCHIOGUI 2.00\LIBPNG\PROJECTS\VISUALC71\WIN32_LIB_RELEASE\PNGPREAD.OBJ
C:\USERS\MATTIA\DESKTOP\AUDIO PLUGIN DEVELOPEMENT\ESEMPI\COMPZOCCHIOGUI 2.00\LIBPNG\PROJECTS\VISUALC71\WIN32_LIB_RELEASE\PNGMEM.OBJ
C:\USERS\MATTIA\DESKTOP\AUDIO PLUGIN DEVELOPEMENT\ESEMPI\COMPZOCCHIOGUI 2.00\LIBPNG\PROJECTS\VISUALC71\WIN32_LIB_RELEASE\PNGGET.OBJ
C:\USERS\MATTIA\DESKTOP\AUDIO PLUGIN DEVELOPEMENT\ESEMPI\COMPZOCCHIOGUI 2.00\LIBPNG\PROJECTS\VISUALC71\WIN32_LIB_RELEASE\LIBPNG.LIB
C:\Users\Mattia\Desktop\Audio plugin developement\esempi\CompzocchioGui 2.10\libpng\projects\visualc71\Win32_LIB_Release\png.obj
C:\Users\Mattia\Desktop\Audio plugin developement\esempi\CompzocchioGui 2.10\libpng\projects\visualc71\Win32_LIB_Release\pngerror.obj
C:\Users\Mattia\Desktop\Audio plugin developement\esempi\CompzocchioGui 2.10\libpng\projects\visualc71\Win32_LIB_Release\pngget.obj
C:\Users\Mattia\Desktop\Audio plugin developement\esempi\CompzocchioGui 2.10\libpng\projects\visualc71\Win32_LIB_Release\pngmem.obj
C:\Users\Mattia\Desktop\Audio plugin developement\esempi\CompzocchioGui 2.10\libpng\projects\visualc71\Win32_LIB_Release\pngpread.obj
C:\Users\Mattia\Desktop\Audio plugin developement\esempi\CompzocchioGui 2.10\libpng\projects\visualc71\Win32_LIB_Release\pngread.obj
C:\Users\Mattia\Desktop\Audio plugin developement\esempi\CompzocchioGui 2.10\libpng\projects\visualc71\Win32_LIB_Release\pngrio.obj
C:\Users\Mattia\Desktop\Audio plugin developement\esempi\CompzocchioGui 2.10\libpng\projects\visualc71\Win32_LIB_Release\pngrtran.obj
C:\Users\Mattia\Desktop\Audio plugin developement\esempi\CompzocchioGui 2.10\libpng\projects\visualc71\Win32_LIB_Release\pngrutil.obj
C:\Users\Mattia\Desktop\Audio plugin developement\esempi\CompzocchioGui 2.10\libpng\projects\visualc71\Win32_LIB_Release\pngset.obj
C:\Users\Mattia\Desktop\Audio plugin developement\esempi\CompzocchioGui 2.10\libpng\projects\visualc71\Win32_LIB_Release\pngtrans.obj
C:\Users\Mattia\Desktop\Audio plugin developement\esempi\CompzocchioGui 2.10\libpng\projects\visualc71\Win32_LIB_Release\pngwio.obj
C:\Users\Mattia\Desktop\Audio plugin developement\esempi\CompzocchioGui 2.10\libpng\projects\visualc71\Win32_LIB_Release\pngwrite.obj
C:\Users\Mattia\Desktop\Audio plugin developement\esempi\CompzocchioGui 2.10\libpng\projects\visualc71\Win32_LIB_Release\pngwtran.obj
C:\Users\Mattia\Desktop\Audio plugin developement\esempi\CompzocchioGui 2.10\libpng\projects\visualc71\Win32_LIB_Release\pngwutil.obj
C:\Users\Mattia\Desktop\Audio plugin developement\esempi\CompzocchioGui 2.10\libpng\projects\visualc71\Win32_LIB_Release\cl.command.1.tlog
C:\Users\Mattia\Desktop\Audio plugin developement\esempi\CompzocchioGui 2.10\libpng\projects\visualc71\Win32_LIB_Release\CL.read.1.tlog
C:\Users\Mattia\Desktop\Audio plugin developement\esempi\CompzocchioGui 2.10\libpng\projects\visualc71\Win32_LIB_Release\CL.write.1.tlog
C:\Users\Mattia\Desktop\Audio plugin developement\esempi\CompzocchioGui 2.10\libpng\projects\visualc71\Win32_LIB_Release\Lib-link.read.1.tlog
C:\Users\Mattia\Desktop\Audio plugin developement\esempi\CompzocchioGui 2.10\libpng\projects\visualc71\Win32_LIB_Release\Lib-link.write.1.tlog
C:\Users\Mattia\Desktop\Audio plugin developement\esempi\CompzocchioGui 2.10\libpng\projects\visualc71\Win32_LIB_Release\lib.command.1.tlog
C:\Users\Mattia\Desktop\Audio plugin developement\esempi\CompzocchioGui 2.10\libpng\projects\visualc71\Win32_LIB_Release\libpng.pch
C:\Users\Mattia\Desktop\Audio plugin developement\esempi\CompzocchioGui 2.10\libpng\projects\visualc71\Win32_LIB_Release\vc110.pdb
C:\Users\Mattia\Desktop\Audio plugin developement\esempi\CompzocchioGui 2.10\libpng\projects\visualc71\.\Win32_LIB_Release\libpng.lib
