C:\USERS\MATTIA\DESKTOP\AUDIO PLUGIN DEVELOPEMENT\ESEMPI\COMPZOCCHIOGUI 2.00\ZLIB\CONTRIB\VSTUDIO\VC9\X86\ZLIBDLLRELEASE\TMP\ZUTIL.OBJ
C:\USERS\MATTIA\DESKTOP\AUDIO PLUGIN DEVELOPEMENT\ESEMPI\COMPZOCCHIOGUI 2.00\ZLIB\CONTRIB\VSTUDIO\VC9\X86\ZLIBDLLRELEASE\TMP\ZUTIL.COD
C:\USERS\MATTIA\DESKTOP\AUDIO PLUGIN DEVELOPEMENT\ESEMPI\COMPZOCCHIOGUI 2.00\ZLIB\CONTRIB\VSTUDIO\VC9\X86\ZLIBDLLRELEASE\TMP\UNCOMPR.OBJ
C:\USERS\MATTIA\DESKTOP\AUDIO PLUGIN DEVELOPEMENT\ESEMPI\COMPZOCCHIOGUI 2.00\ZLIB\CONTRIB\VSTUDIO\VC9\X86\ZLIBDLLRELEASE\TMP\UNCOMPR.COD
C:\USERS\MATTIA\DESKTOP\AUDIO PLUGIN DEVELOPEMENT\ESEMPI\COMPZOCCHIOGUI 2.00\ZLIB\CONTRIB\VSTUDIO\VC9\X86\ZLIBDLLRELEASE\TMP\TREES.OBJ
C:\USERS\MATTIA\DESKTOP\AUDIO PLUGIN DEVELOPEMENT\ESEMPI\COMPZOCCHIOGUI 2.00\ZLIB\CONTRIB\VSTUDIO\VC9\X86\ZLIBDLLRELEASE\TMP\TREES.COD
C:\USERS\MATTIA\DESKTOP\AUDIO PLUGIN DEVELOPEMENT\ESEMPI\COMPZOCCHIOGUI 2.00\ZLIB\CONTRIB\VSTUDIO\VC9\X86\ZLIBDLLRELEASE\TMP\IOWIN32.OBJ
C:\USERS\MATTIA\DESKTOP\AUDIO PLUGIN DEVELOPEMENT\ESEMPI\COMPZOCCHIOGUI 2.00\ZLIB\CONTRIB\VSTUDIO\VC9\X86\ZLIBDLLRELEASE\TMP\IOWIN32.COD
C:\USERS\MATTIA\DESKTOP\AUDIO PLUGIN DEVELOPEMENT\ESEMPI\COMPZOCCHIOGUI 2.00\ZLIB\CONTRIB\VSTUDIO\VC9\X86\ZLIBDLLRELEASE\TMP\IOAPI.OBJ
C:\USERS\MATTIA\DESKTOP\AUDIO PLUGIN DEVELOPEMENT\ESEMPI\COMPZOCCHIOGUI 2.00\ZLIB\CONTRIB\VSTUDIO\VC9\X86\ZLIBDLLRELEASE\TMP\IOAPI.COD
C:\USERS\MATTIA\DESKTOP\AUDIO PLUGIN DEVELOPEMENT\ESEMPI\COMPZOCCHIOGUI 2.00\ZLIB\CONTRIB\VSTUDIO\VC9\X86\ZLIBDLLRELEASE\TMP\INFTREES.OBJ
C:\USERS\MATTIA\DESKTOP\AUDIO PLUGIN DEVELOPEMENT\ESEMPI\COMPZOCCHIOGUI 2.00\ZLIB\CONTRIB\VSTUDIO\VC9\X86\ZLIBDLLRELEASE\TMP\INFTREES.COD
C:\USERS\MATTIA\DESKTOP\AUDIO PLUGIN DEVELOPEMENT\ESEMPI\COMPZOCCHIOGUI 2.00\ZLIB\CONTRIB\VSTUDIO\VC9\X86\ZLIBDLLRELEASE\TMP\INFLATE.OBJ
C:\USERS\MATTIA\DESKTOP\AUDIO PLUGIN DEVELOPEMENT\ESEMPI\COMPZOCCHIOGUI 2.00\ZLIB\CONTRIB\VSTUDIO\VC9\X86\ZLIBDLLRELEASE\TMP\INFLATE.COD
C:\USERS\MATTIA\DESKTOP\AUDIO PLUGIN DEVELOPEMENT\ESEMPI\COMPZOCCHIOGUI 2.00\ZLIB\CONTRIB\VSTUDIO\VC9\X86\ZLIBDLLRELEASE\TMP\INFFAST.OBJ
C:\USERS\MATTIA\DESKTOP\AUDIO PLUGIN DEVELOPEMENT\ESEMPI\COMPZOCCHIOGUI 2.00\ZLIB\CONTRIB\VSTUDIO\VC9\X86\ZLIBDLLRELEASE\TMP\INFFAST.COD
C:\USERS\MATTIA\DESKTOP\AUDIO PLUGIN DEVELOPEMENT\ESEMPI\COMPZOCCHIOGUI 2.00\ZLIB\CONTRIB\VSTUDIO\VC9\X86\ZLIBDLLRELEASE\TMP\INFBACK.OBJ
C:\USERS\MATTIA\DESKTOP\AUDIO PLUGIN DEVELOPEMENT\ESEMPI\COMPZOCCHIOGUI 2.00\ZLIB\CONTRIB\VSTUDIO\VC9\X86\ZLIBDLLRELEASE\TMP\INFBACK.COD
C:\USERS\MATTIA\DESKTOP\AUDIO PLUGIN DEVELOPEMENT\ESEMPI\COMPZOCCHIOGUI 2.00\ZLIB\CONTRIB\VSTUDIO\VC9\X86\ZLIBDLLRELEASE\TMP\GZWRITE.OBJ
C:\USERS\MATTIA\DESKTOP\AUDIO PLUGIN DEVELOPEMENT\ESEMPI\COMPZOCCHIOGUI 2.00\ZLIB\CONTRIB\VSTUDIO\VC9\X86\ZLIBDLLRELEASE\TMP\GZWRITE.COD
C:\USERS\MATTIA\DESKTOP\AUDIO PLUGIN DEVELOPEMENT\ESEMPI\COMPZOCCHIOGUI 2.00\ZLIB\CONTRIB\VSTUDIO\VC9\X86\ZLIBDLLRELEASE\TMP\GZREAD.OBJ
C:\USERS\MATTIA\DESKTOP\AUDIO PLUGIN DEVELOPEMENT\ESEMPI\COMPZOCCHIOGUI 2.00\ZLIB\CONTRIB\VSTUDIO\VC9\X86\ZLIBDLLRELEASE\TMP\GZREAD.COD
C:\USERS\MATTIA\DESKTOP\AUDIO PLUGIN DEVELOPEMENT\ESEMPI\COMPZOCCHIOGUI 2.00\ZLIB\CONTRIB\VSTUDIO\VC9\X86\ZLIBDLLRELEASE\TMP\GZLIB.OBJ
C:\USERS\MATTIA\DESKTOP\AUDIO PLUGIN DEVELOPEMENT\ESEMPI\COMPZOCCHIOGUI 2.00\ZLIB\CONTRIB\VSTUDIO\VC9\X86\ZLIBDLLRELEASE\TMP\GZLIB.COD
C:\USERS\MATTIA\DESKTOP\AUDIO PLUGIN DEVELOPEMENT\ESEMPI\COMPZOCCHIOGUI 2.00\ZLIB\CONTRIB\VSTUDIO\VC9\X86\ZLIBDLLRELEASE\TMP\GZCLOSE.OBJ
C:\USERS\MATTIA\DESKTOP\AUDIO PLUGIN DEVELOPEMENT\ESEMPI\COMPZOCCHIOGUI 2.00\ZLIB\CONTRIB\VSTUDIO\VC9\X86\ZLIBDLLRELEASE\TMP\GZCLOSE.COD
C:\USERS\MATTIA\DESKTOP\AUDIO PLUGIN DEVELOPEMENT\ESEMPI\COMPZOCCHIOGUI 2.00\ZLIB\CONTRIB\VSTUDIO\VC9\X86\ZLIBDLLRELEASE\TMP\DEFLATE.OBJ
C:\USERS\MATTIA\DESKTOP\AUDIO PLUGIN DEVELOPEMENT\ESEMPI\COMPZOCCHIOGUI 2.00\ZLIB\CONTRIB\VSTUDIO\VC9\X86\ZLIBDLLRELEASE\TMP\DEFLATE.COD
C:\USERS\MATTIA\DESKTOP\AUDIO PLUGIN DEVELOPEMENT\ESEMPI\COMPZOCCHIOGUI 2.00\ZLIB\CONTRIB\VSTUDIO\VC9\X86\ZLIBDLLRELEASE\TMP\CRC32.OBJ
C:\USERS\MATTIA\DESKTOP\AUDIO PLUGIN DEVELOPEMENT\ESEMPI\COMPZOCCHIOGUI 2.00\ZLIB\CONTRIB\VSTUDIO\VC9\X86\ZLIBDLLRELEASE\TMP\CRC32.COD
C:\USERS\MATTIA\DESKTOP\AUDIO PLUGIN DEVELOPEMENT\ESEMPI\COMPZOCCHIOGUI 2.00\ZLIB\CONTRIB\VSTUDIO\VC9\X86\ZLIBDLLRELEASE\TMP\COMPRESS.OBJ
C:\USERS\MATTIA\DESKTOP\AUDIO PLUGIN DEVELOPEMENT\ESEMPI\COMPZOCCHIOGUI 2.00\ZLIB\CONTRIB\VSTUDIO\VC9\X86\ZLIBDLLRELEASE\TMP\COMPRESS.COD
C:\USERS\MATTIA\DESKTOP\AUDIO PLUGIN DEVELOPEMENT\ESEMPI\COMPZOCCHIOGUI 2.00\ZLIB\CONTRIB\VSTUDIO\VC9\X86\ZLIBDLLRELEASE\TMP\ADLER32.OBJ
C:\USERS\MATTIA\DESKTOP\AUDIO PLUGIN DEVELOPEMENT\ESEMPI\COMPZOCCHIOGUI 2.00\ZLIB\CONTRIB\VSTUDIO\VC9\X86\ZLIBDLLRELEASE\TMP\ADLER32.COD
C:\USERS\MATTIA\DESKTOP\AUDIO PLUGIN DEVELOPEMENT\ESEMPI\COMPZOCCHIOGUI 2.00\ZLIB\CONTRIB\VSTUDIO\VC9\X86\ZLIBDLLRELEASE\VC110.PDB
C:\USERS\MATTIA\DESKTOP\AUDIO PLUGIN DEVELOPEMENT\ESEMPI\COMPZOCCHIOGUI 2.00\ZLIB\CONTRIB\VSTUDIO\VC9\X86\ZLIBDLLRELEASE\TMP\ZIP.OBJ
C:\USERS\MATTIA\DESKTOP\AUDIO PLUGIN DEVELOPEMENT\ESEMPI\COMPZOCCHIOGUI 2.00\ZLIB\CONTRIB\VSTUDIO\VC9\X86\ZLIBDLLRELEASE\TMP\ZIP.COD
C:\USERS\MATTIA\DESKTOP\AUDIO PLUGIN DEVELOPEMENT\ESEMPI\COMPZOCCHIOGUI 2.00\ZLIB\CONTRIB\VSTUDIO\VC9\X86\ZLIBDLLRELEASE\TMP\UNZIP.OBJ
C:\USERS\MATTIA\DESKTOP\AUDIO PLUGIN DEVELOPEMENT\ESEMPI\COMPZOCCHIOGUI 2.00\ZLIB\CONTRIB\VSTUDIO\VC9\X86\ZLIBDLLRELEASE\TMP\UNZIP.COD
C:\USERS\MATTIA\DESKTOP\AUDIO PLUGIN DEVELOPEMENT\ESEMPI\COMPZOCCHIOGUI 2.10\ZLIB\CONTRIB\VSTUDIO\VC9\X86\ZLIBDLLRELEASE\TMP\ZUTIL.OBJ
C:\USERS\MATTIA\DESKTOP\AUDIO PLUGIN DEVELOPEMENT\ESEMPI\COMPZOCCHIOGUI 2.10\ZLIB\CONTRIB\VSTUDIO\VC9\X86\ZLIBDLLRELEASE\TMP\ZUTIL.COD
C:\USERS\MATTIA\DESKTOP\AUDIO PLUGIN DEVELOPEMENT\ESEMPI\COMPZOCCHIOGUI 2.10\ZLIB\CONTRIB\VSTUDIO\VC9\X86\ZLIBDLLRELEASE\TMP\UNCOMPR.OBJ
C:\USERS\MATTIA\DESKTOP\AUDIO PLUGIN DEVELOPEMENT\ESEMPI\COMPZOCCHIOGUI 2.10\ZLIB\CONTRIB\VSTUDIO\VC9\X86\ZLIBDLLRELEASE\TMP\UNCOMPR.COD
C:\USERS\MATTIA\DESKTOP\AUDIO PLUGIN DEVELOPEMENT\ESEMPI\COMPZOCCHIOGUI 2.10\ZLIB\CONTRIB\VSTUDIO\VC9\X86\ZLIBDLLRELEASE\TMP\TREES.OBJ
C:\USERS\MATTIA\DESKTOP\AUDIO PLUGIN DEVELOPEMENT\ESEMPI\COMPZOCCHIOGUI 2.10\ZLIB\CONTRIB\VSTUDIO\VC9\X86\ZLIBDLLRELEASE\TMP\TREES.COD
C:\USERS\MATTIA\DESKTOP\AUDIO PLUGIN DEVELOPEMENT\ESEMPI\COMPZOCCHIOGUI 2.10\ZLIB\CONTRIB\VSTUDIO\VC9\X86\ZLIBDLLRELEASE\TMP\IOWIN32.OBJ
C:\USERS\MATTIA\DESKTOP\AUDIO PLUGIN DEVELOPEMENT\ESEMPI\COMPZOCCHIOGUI 2.10\ZLIB\CONTRIB\VSTUDIO\VC9\X86\ZLIBDLLRELEASE\TMP\IOWIN32.COD
C:\USERS\MATTIA\DESKTOP\AUDIO PLUGIN DEVELOPEMENT\ESEMPI\COMPZOCCHIOGUI 2.10\ZLIB\CONTRIB\VSTUDIO\VC9\X86\ZLIBDLLRELEASE\TMP\IOAPI.OBJ
C:\USERS\MATTIA\DESKTOP\AUDIO PLUGIN DEVELOPEMENT\ESEMPI\COMPZOCCHIOGUI 2.10\ZLIB\CONTRIB\VSTUDIO\VC9\X86\ZLIBDLLRELEASE\TMP\IOAPI.COD
C:\USERS\MATTIA\DESKTOP\AUDIO PLUGIN DEVELOPEMENT\ESEMPI\COMPZOCCHIOGUI 2.10\ZLIB\CONTRIB\VSTUDIO\VC9\X86\ZLIBDLLRELEASE\TMP\INFTREES.OBJ
C:\USERS\MATTIA\DESKTOP\AUDIO PLUGIN DEVELOPEMENT\ESEMPI\COMPZOCCHIOGUI 2.10\ZLIB\CONTRIB\VSTUDIO\VC9\X86\ZLIBDLLRELEASE\TMP\INFTREES.COD
C:\USERS\MATTIA\DESKTOP\AUDIO PLUGIN DEVELOPEMENT\ESEMPI\COMPZOCCHIOGUI 2.10\ZLIB\CONTRIB\VSTUDIO\VC9\X86\ZLIBDLLRELEASE\TMP\INFLATE.OBJ
C:\USERS\MATTIA\DESKTOP\AUDIO PLUGIN DEVELOPEMENT\ESEMPI\COMPZOCCHIOGUI 2.10\ZLIB\CONTRIB\VSTUDIO\VC9\X86\ZLIBDLLRELEASE\TMP\INFLATE.COD
C:\USERS\MATTIA\DESKTOP\AUDIO PLUGIN DEVELOPEMENT\ESEMPI\COMPZOCCHIOGUI 2.10\ZLIB\CONTRIB\VSTUDIO\VC9\X86\ZLIBDLLRELEASE\TMP\INFFAST.OBJ
C:\USERS\MATTIA\DESKTOP\AUDIO PLUGIN DEVELOPEMENT\ESEMPI\COMPZOCCHIOGUI 2.10\ZLIB\CONTRIB\VSTUDIO\VC9\X86\ZLIBDLLRELEASE\TMP\INFFAST.COD
C:\USERS\MATTIA\DESKTOP\AUDIO PLUGIN DEVELOPEMENT\ESEMPI\COMPZOCCHIOGUI 2.10\ZLIB\CONTRIB\VSTUDIO\VC9\X86\ZLIBDLLRELEASE\TMP\INFBACK.OBJ
C:\USERS\MATTIA\DESKTOP\AUDIO PLUGIN DEVELOPEMENT\ESEMPI\COMPZOCCHIOGUI 2.10\ZLIB\CONTRIB\VSTUDIO\VC9\X86\ZLIBDLLRELEASE\TMP\INFBACK.COD
C:\USERS\MATTIA\DESKTOP\AUDIO PLUGIN DEVELOPEMENT\ESEMPI\COMPZOCCHIOGUI 2.10\ZLIB\CONTRIB\VSTUDIO\VC9\X86\ZLIBDLLRELEASE\TMP\GZWRITE.OBJ
C:\USERS\MATTIA\DESKTOP\AUDIO PLUGIN DEVELOPEMENT\ESEMPI\COMPZOCCHIOGUI 2.10\ZLIB\CONTRIB\VSTUDIO\VC9\X86\ZLIBDLLRELEASE\TMP\GZWRITE.COD
C:\USERS\MATTIA\DESKTOP\AUDIO PLUGIN DEVELOPEMENT\ESEMPI\COMPZOCCHIOGUI 2.10\ZLIB\CONTRIB\VSTUDIO\VC9\X86\ZLIBDLLRELEASE\TMP\GZREAD.OBJ
C:\USERS\MATTIA\DESKTOP\AUDIO PLUGIN DEVELOPEMENT\ESEMPI\COMPZOCCHIOGUI 2.10\ZLIB\CONTRIB\VSTUDIO\VC9\X86\ZLIBDLLRELEASE\TMP\GZREAD.COD
C:\USERS\MATTIA\DESKTOP\AUDIO PLUGIN DEVELOPEMENT\ESEMPI\COMPZOCCHIOGUI 2.10\ZLIB\CONTRIB\VSTUDIO\VC9\X86\ZLIBDLLRELEASE\TMP\GZLIB.OBJ
C:\USERS\MATTIA\DESKTOP\AUDIO PLUGIN DEVELOPEMENT\ESEMPI\COMPZOCCHIOGUI 2.10\ZLIB\CONTRIB\VSTUDIO\VC9\X86\ZLIBDLLRELEASE\TMP\GZLIB.COD
C:\USERS\MATTIA\DESKTOP\AUDIO PLUGIN DEVELOPEMENT\ESEMPI\COMPZOCCHIOGUI 2.10\ZLIB\CONTRIB\VSTUDIO\VC9\X86\ZLIBDLLRELEASE\TMP\GZCLOSE.OBJ
C:\USERS\MATTIA\DESKTOP\AUDIO PLUGIN DEVELOPEMENT\ESEMPI\COMPZOCCHIOGUI 2.10\ZLIB\CONTRIB\VSTUDIO\VC9\X86\ZLIBDLLRELEASE\TMP\GZCLOSE.COD
C:\USERS\MATTIA\DESKTOP\AUDIO PLUGIN DEVELOPEMENT\ESEMPI\COMPZOCCHIOGUI 2.10\ZLIB\CONTRIB\VSTUDIO\VC9\X86\ZLIBDLLRELEASE\TMP\DEFLATE.OBJ
C:\USERS\MATTIA\DESKTOP\AUDIO PLUGIN DEVELOPEMENT\ESEMPI\COMPZOCCHIOGUI 2.10\ZLIB\CONTRIB\VSTUDIO\VC9\X86\ZLIBDLLRELEASE\TMP\DEFLATE.COD
C:\USERS\MATTIA\DESKTOP\AUDIO PLUGIN DEVELOPEMENT\ESEMPI\COMPZOCCHIOGUI 2.10\ZLIB\CONTRIB\VSTUDIO\VC9\X86\ZLIBDLLRELEASE\TMP\CRC32.OBJ
C:\USERS\MATTIA\DESKTOP\AUDIO PLUGIN DEVELOPEMENT\ESEMPI\COMPZOCCHIOGUI 2.10\ZLIB\CONTRIB\VSTUDIO\VC9\X86\ZLIBDLLRELEASE\TMP\CRC32.COD
C:\USERS\MATTIA\DESKTOP\AUDIO PLUGIN DEVELOPEMENT\ESEMPI\COMPZOCCHIOGUI 2.10\ZLIB\CONTRIB\VSTUDIO\VC9\X86\ZLIBDLLRELEASE\TMP\COMPRESS.OBJ
C:\USERS\MATTIA\DESKTOP\AUDIO PLUGIN DEVELOPEMENT\ESEMPI\COMPZOCCHIOGUI 2.10\ZLIB\CONTRIB\VSTUDIO\VC9\X86\ZLIBDLLRELEASE\TMP\COMPRESS.COD
C:\USERS\MATTIA\DESKTOP\AUDIO PLUGIN DEVELOPEMENT\ESEMPI\COMPZOCCHIOGUI 2.10\ZLIB\CONTRIB\VSTUDIO\VC9\X86\ZLIBDLLRELEASE\TMP\ADLER32.OBJ
C:\USERS\MATTIA\DESKTOP\AUDIO PLUGIN DEVELOPEMENT\ESEMPI\COMPZOCCHIOGUI 2.10\ZLIB\CONTRIB\VSTUDIO\VC9\X86\ZLIBDLLRELEASE\TMP\ADLER32.COD
C:\USERS\MATTIA\DESKTOP\AUDIO PLUGIN DEVELOPEMENT\ESEMPI\COMPZOCCHIOGUI 2.10\ZLIB\CONTRIB\VSTUDIO\VC9\X86\ZLIBDLLRELEASE\VC110.PDB
C:\USERS\MATTIA\DESKTOP\AUDIO PLUGIN DEVELOPEMENT\ESEMPI\COMPZOCCHIOGUI 2.10\ZLIB\CONTRIB\VSTUDIO\VC9\X86\ZLIBDLLRELEASE\TMP\ZIP.OBJ
C:\USERS\MATTIA\DESKTOP\AUDIO PLUGIN DEVELOPEMENT\ESEMPI\COMPZOCCHIOGUI 2.10\ZLIB\CONTRIB\VSTUDIO\VC9\X86\ZLIBDLLRELEASE\TMP\ZIP.COD
C:\USERS\MATTIA\DESKTOP\AUDIO PLUGIN DEVELOPEMENT\ESEMPI\COMPZOCCHIOGUI 2.10\ZLIB\CONTRIB\VSTUDIO\VC9\X86\ZLIBDLLRELEASE\TMP\UNZIP.OBJ
C:\USERS\MATTIA\DESKTOP\AUDIO PLUGIN DEVELOPEMENT\ESEMPI\COMPZOCCHIOGUI 2.10\ZLIB\CONTRIB\VSTUDIO\VC9\X86\ZLIBDLLRELEASE\TMP\UNZIP.COD
C:\USERS\MATTIA\DESKTOP\AUDIO PLUGIN DEVELOPEMENT\ESEMPI\COMPZOCCHIOGUI 2.00\ZLIB\CONTRIB\VSTUDIO\VC9\X86\ZLIBDLLRELEASE\ZLIBVC.LIB
C:\USERS\MATTIA\DESKTOP\AUDIO PLUGIN DEVELOPEMENT\ESEMPI\COMPZOCCHIOGUI 2.10\ZLIB\CONTRIB\VSTUDIO\VC9\X86\ZLIBDLLRELEASE\ZLIBVC.LIB
C:\USERS\MATTIA\DESKTOP\AUDIO PLUGIN DEVELOPEMENT\ESEMPI\COMPZOCCHIOGUI 2.00\ZLIB\CONTRIB\VSTUDIO\VC9\X86\ZLIBDLLRELEASE\TMP\ZLIB.RES
C:\USERS\MATTIA\DESKTOP\AUDIO PLUGIN DEVELOPEMENT\ESEMPI\COMPZOCCHIOGUI 2.10\ZLIB\CONTRIB\VSTUDIO\VC9\X86\ZLIBDLLRELEASE\TMP\ZLIB.RES
C:\Users\Mattia\Desktop\Audio plugin developement\esempi\CompzocchioGui 2.10\zlib\contrib\vstudio\vc9\x86\ZlibDllRelease\Tmp\adler32.obj
C:\Users\Mattia\Desktop\Audio plugin developement\esempi\CompzocchioGui 2.10\zlib\contrib\vstudio\vc9\x86\ZlibDllRelease\Tmp\compress.obj
C:\Users\Mattia\Desktop\Audio plugin developement\esempi\CompzocchioGui 2.10\zlib\contrib\vstudio\vc9\x86\ZlibDllRelease\Tmp\crc32.obj
C:\Users\Mattia\Desktop\Audio plugin developement\esempi\CompzocchioGui 2.10\zlib\contrib\vstudio\vc9\x86\ZlibDllRelease\Tmp\deflate.obj
C:\Users\Mattia\Desktop\Audio plugin developement\esempi\CompzocchioGui 2.10\zlib\contrib\vstudio\vc9\x86\ZlibDllRelease\Tmp\gzclose.obj
C:\Users\Mattia\Desktop\Audio plugin developement\esempi\CompzocchioGui 2.10\zlib\contrib\vstudio\vc9\x86\ZlibDllRelease\Tmp\gzlib.obj
C:\Users\Mattia\Desktop\Audio plugin developement\esempi\CompzocchioGui 2.10\zlib\contrib\vstudio\vc9\x86\ZlibDllRelease\Tmp\gzread.obj
C:\Users\Mattia\Desktop\Audio plugin developement\esempi\CompzocchioGui 2.10\zlib\contrib\vstudio\vc9\x86\ZlibDllRelease\Tmp\gzwrite.obj
C:\Users\Mattia\Desktop\Audio plugin developement\esempi\CompzocchioGui 2.10\zlib\contrib\vstudio\vc9\x86\ZlibDllRelease\Tmp\infback.obj
C:\Users\Mattia\Desktop\Audio plugin developement\esempi\CompzocchioGui 2.10\zlib\contrib\vstudio\vc9\x86\ZlibDllRelease\Tmp\inffast.obj
C:\Users\Mattia\Desktop\Audio plugin developement\esempi\CompzocchioGui 2.10\zlib\contrib\vstudio\vc9\x86\ZlibDllRelease\Tmp\inflate.obj
C:\Users\Mattia\Desktop\Audio plugin developement\esempi\CompzocchioGui 2.10\zlib\contrib\vstudio\vc9\x86\ZlibDllRelease\Tmp\inftrees.obj
C:\Users\Mattia\Desktop\Audio plugin developement\esempi\CompzocchioGui 2.10\zlib\contrib\vstudio\vc9\x86\ZlibDllRelease\Tmp\ioapi.obj
C:\Users\Mattia\Desktop\Audio plugin developement\esempi\CompzocchioGui 2.10\zlib\contrib\vstudio\vc9\x86\ZlibDllRelease\Tmp\iowin32.obj
C:\Users\Mattia\Desktop\Audio plugin developement\esempi\CompzocchioGui 2.10\zlib\contrib\vstudio\vc9\x86\ZlibDllRelease\Tmp\trees.obj
C:\Users\Mattia\Desktop\Audio plugin developement\esempi\CompzocchioGui 2.10\zlib\contrib\vstudio\vc9\x86\ZlibDllRelease\Tmp\uncompr.obj
C:\Users\Mattia\Desktop\Audio plugin developement\esempi\CompzocchioGui 2.10\zlib\contrib\vstudio\vc9\x86\ZlibDllRelease\Tmp\unzip.obj
C:\Users\Mattia\Desktop\Audio plugin developement\esempi\CompzocchioGui 2.10\zlib\contrib\vstudio\vc9\x86\ZlibDllRelease\Tmp\zip.obj
C:\Users\Mattia\Desktop\Audio plugin developement\esempi\CompzocchioGui 2.10\zlib\contrib\vstudio\vc9\x86\ZlibDllRelease\Tmp\zutil.obj
C:\Users\Mattia\Desktop\Audio plugin developement\esempi\CompzocchioGui 2.10\zlib\contrib\vstudio\vc9\x86\ZlibDllRelease\Tmp\cl.command.1.tlog
C:\Users\Mattia\Desktop\Audio plugin developement\esempi\CompzocchioGui 2.10\zlib\contrib\vstudio\vc9\x86\ZlibDllRelease\Tmp\CL.read.1.tlog
C:\Users\Mattia\Desktop\Audio plugin developement\esempi\CompzocchioGui 2.10\zlib\contrib\vstudio\vc9\x86\ZlibDllRelease\Tmp\CL.read.2.tlog
C:\Users\Mattia\Desktop\Audio plugin developement\esempi\CompzocchioGui 2.10\zlib\contrib\vstudio\vc9\x86\ZlibDllRelease\Tmp\CL.read.3.tlog
C:\Users\Mattia\Desktop\Audio plugin developement\esempi\CompzocchioGui 2.10\zlib\contrib\vstudio\vc9\x86\ZlibDllRelease\Tmp\CL.read.4.tlog
C:\Users\Mattia\Desktop\Audio plugin developement\esempi\CompzocchioGui 2.10\zlib\contrib\vstudio\vc9\x86\ZlibDllRelease\Tmp\CL.read.5.tlog
C:\Users\Mattia\Desktop\Audio plugin developement\esempi\CompzocchioGui 2.10\zlib\contrib\vstudio\vc9\x86\ZlibDllRelease\Tmp\CL.write.1.tlog
C:\Users\Mattia\Desktop\Audio plugin developement\esempi\CompzocchioGui 2.10\zlib\contrib\vstudio\vc9\x86\ZlibDllRelease\Tmp\Lib-link-cvtres.read.1.tlog
C:\Users\Mattia\Desktop\Audio plugin developement\esempi\CompzocchioGui 2.10\zlib\contrib\vstudio\vc9\x86\ZlibDllRelease\Tmp\Lib-link-cvtres.write.1.tlog
C:\Users\Mattia\Desktop\Audio plugin developement\esempi\CompzocchioGui 2.10\zlib\contrib\vstudio\vc9\x86\ZlibDllRelease\Tmp\Lib-link.read.1.tlog
C:\Users\Mattia\Desktop\Audio plugin developement\esempi\CompzocchioGui 2.10\zlib\contrib\vstudio\vc9\x86\ZlibDllRelease\Tmp\Lib-link.write.1.tlog
C:\Users\Mattia\Desktop\Audio plugin developement\esempi\CompzocchioGui 2.10\zlib\contrib\vstudio\vc9\x86\ZlibDllRelease\Tmp\lib.command.1.tlog
C:\Users\Mattia\Desktop\Audio plugin developement\esempi\CompzocchioGui 2.10\zlib\contrib\vstudio\vc9\x86\ZlibDllRelease\Tmp\rc.command.1.tlog
C:\Users\Mattia\Desktop\Audio plugin developement\esempi\CompzocchioGui 2.10\zlib\contrib\vstudio\vc9\x86\ZlibDllRelease\Tmp\rc.read.1.tlog
C:\Users\Mattia\Desktop\Audio plugin developement\esempi\CompzocchioGui 2.10\zlib\contrib\vstudio\vc9\x86\ZlibDllRelease\Tmp\rc.write.1.tlog
C:\Users\Mattia\Desktop\Audio plugin developement\esempi\CompzocchioGui 2.10\zlib\contrib\vstudio\vc9\x86\ZlibDllRelease\Tmp\zlib.res
C:\Users\Mattia\Desktop\Audio plugin developement\esempi\CompzocchioGui 2.10\zlib\contrib\vstudio\vc9\x86\ZlibDllRelease\zlibvc.lib
